<?xml version="1.0" encoding="UTF-8"?>
<!-- Generated by org.testng.reporters.JUnitReportReporter -->
<testsuite skipped="0" hostname="DESKTOP-3R73L8V" name="com.nopcommerce.testCases.TC_SearchCustomerByName_005" tests="1" failures="0" timestamp="2020-11-26T21:22:10 IST" time="17.503" errors="0">
  <testcase name="searchCustomerbyName" time="17.503" classname="com.nopcommerce.testCases.TC_SearchCustomerByName_005"/>
  <system-out/>
</testsuite> <!-- com.nopcommerce.testCases.TC_SearchCustomerByName_005 -->
