<?xml version="1.0" encoding="UTF-8"?>
<!-- Generated by org.testng.reporters.JUnitReportReporter -->
<testsuite skipped="0" hostname="DESKTOP-3R73L8V" name="com.nopcommerce.testCases.TC_SearchCustomerByEmail_004" tests="1" failures="0" timestamp="2020-12-01T20:28:44 IST" time="15.026" errors="0">
  <testcase name="searchCustomerbyEmail" time="15.026" classname="com.nopcommerce.testCases.TC_SearchCustomerByEmail_004"/>
  <system-out/>
</testsuite> <!-- com.nopcommerce.testCases.TC_SearchCustomerByEmail_004 -->
