<?xml version="1.0" encoding="UTF-8"?>
<!-- Generated by org.testng.reporters.JUnitReportReporter -->
<testsuite skipped="0" hostname="DESKTOP-3R73L8V" name="com.nopcommerce.testCases.TC_LoginTest_001" tests="1" failures="0" timestamp="2020-11-30T21:19:38 IST" time="8.616" errors="0">
  <testcase name="loginTest" time="8.616" classname="com.nopcommerce.testCases.TC_LoginTest_001"/>
  <system-out/>
</testsuite> <!-- com.nopcommerce.testCases.TC_LoginTest_001 -->
